0 info it worked if it ends with ok
1 verbose cli [ 'C:\\Program Files (x86)\\nodejs\\node.exe',
1 verbose cli   'C:\\Program Files (x86)\\nodejs\\node_modules\\npm\\bin\\npm-cli.js',
1 verbose cli   'run-script',
1 verbose cli   'dist' ]
2 info using npm@3.3.12
3 info using node@v5.2.0
4 verbose stack Error: ENOENT: no such file or directory, open 'C:\Users\silence\Desktop\伍湖\伍湖老师版移动web\第三天\03-day{zepto的使用,移动端的点击事件,封装tap事件,商品分类页面左侧栏滑动和点击操作}\1-教学资料\zepto-master\package.json'
4 verbose stack     at Error (native)
5 verbose cwd C:\Users\silence\Desktop\伍湖\伍湖老师版移动web\第三天\03-day{zepto的使用,移动端的点击事件,封装tap事件,商品分类页面左侧栏滑动和点击操作}\1-教学资料\zepto-master
6 error Windows_NT 10.0.10240
7 error argv "C:\\Program Files (x86)\\nodejs\\node.exe" "C:\\Program Files (x86)\\nodejs\\node_modules\\npm\\bin\\npm-cli.js" "run-script" "dist"
8 error node v5.2.0
9 error npm  v3.3.12
10 error path C:\Users\silence\Desktop\伍湖\伍湖老师版移动web\第三天\03-day{zepto的使用,移动端的点击事件,封装tap事件,商品分类页面左侧栏滑动和点击操作}\1-教学资料\zepto-master\package.json
11 error code ENOENT
12 error errno -4058
13 error syscall open
14 error enoent ENOENT: no such file or directory, open 'C:\Users\silence\Desktop\伍湖\伍湖老师版移动web\第三天\03-day{zepto的使用,移动端的点击事件,封装tap事件,商品分类页面左侧栏滑动和点击操作}\1-教学资料\zepto-master\package.json'
14 error enoent This is most likely not a problem with npm itself
14 error enoent and is related to npm not being able to find a file.
15 verbose exit [ -4058, true ]
